MD/Auxilium/app/build/intermediates/manifest_merge_blame_file/debug/manifest-merger-blame-debug-report.txt
1<?xml version="1.0" encoding="utf-8"?>
2<manifest xmlns:android="http://schemas.android.com/apk/res/android"
3    package="com.capstoneproject.auxilium"
4    android:versionCode="1"
5    android:versionName="1.0" >
6
7    <uses-sdk
8        android:minSdkVersion="26"
9        android:targetSdkVersion="34" />
10
11    <uses-permission android:name="android.permission.INTERNET" />
11-->src\main\AndroidManifest.xml:5:5-67
11-->src\main\AndroidManifest.xml:5:22-64
12    <uses-permission
12-->src\main\AndroidManifest.xml:6:5-8:38
13        android:name="android.permission.WRITE_EXTERNAL_STORAGE"
13-->src\main\AndroidManifest.xml:7:9-65
14        android:maxSdkVersion="28" />
14-->src\main\AndroidManifest.xml:8:9-35
15    <uses-permission android:name="android.permission.WAKE_LOCK" />
15-->[androidx.work:work-runtime:2.9.0] AndroidManifest.xml:23:5-68
15-->[androidx.work:work-runtime:2.9.0] AndroidManifest.xml:23:22-65
16    <uses-permission android:name="android.permission.ACCESS_NETWORK_STATE" />
16-->[androidx.work:work-runtime:2.9.0] AndroidManifest.xml:24:5-79
16-->[androidx.work:work-runtime:2.9.0] AndroidManifest.xml:24:22-76
17    <uses-permission android:name="android.permission.RECEIVE_BOOT_COMPLETED" />
17-->[androidx.work:work-runtime:2.9.0] AndroidManifest.xml:25:5-81
17-->[androidx.work:work-runtime:2.9.0] AndroidManifest.xml:25:22-78
18    <uses-permission android:name="android.permission.FOREGROUND_SERVICE" />
18-->[androidx.work:work-runtime:2.9.0] AndroidManifest.xml:26:5-77
18-->[androidx.work:work-runtime:2.9.0] AndroidManifest.xml:26:22-74
19
20    <uses-feature
20-->[com.google.android.gms:play-services-maps:18.2.0] AndroidManifest.xml:26:5-28:35
21        android:glEsVersion="0x00020000"
21-->[com.google.android.gms:play-services-maps:18.2.0] AndroidManifest.xml:27:9-41
22        android:required="true" />
22-->[com.google.android.gms:play-services-maps:18.2.0] AndroidManifest.xml:28:9-32
23
24    <queries>
24-->[com.google.android.gms:play-services-maps:18.2.0] AndroidManifest.xml:30:5-34:15
25
26        <!-- Needs to be explicitly declared on Android R+ -->
27        <package android:name="com.google.android.apps.maps" />
27-->[com.google.android.gms:play-services-maps:18.2.0] AndroidManifest.xml:33:9-64
27-->[com.google.android.gms:play-services-maps:18.2.0] AndroidManifest.xml:33:18-61
28    </queries>
29
30    <permission
30-->[androidx.core:core:1.13.1] AndroidManifest.xml:22:5-24:47
31        android:name="com.capstoneproject.auxilium.DYNAMIC_RECEIVER_NOT_EXPORTED_PERMISSION"
31-->[androidx.core:core:1.13.1] AndroidManifest.xml:23:9-81
32        android:protectionLevel="signature" />
32-->[androidx.core:core:1.13.1] AndroidManifest.xml:24:9-44
33
34    <uses-permission android:name="com.capstoneproject.auxilium.DYNAMIC_RECEIVER_NOT_EXPORTED_PERMISSION" />
34-->[androidx.core:core:1.13.1] AndroidManifest.xml:26:5-97
34-->[androidx.core:core:1.13.1] AndroidManifest.xml:26:22-94
35
36    <application
36-->src\main\AndroidManifest.xml:10:5-116:19
37        android:allowBackup="true"
37-->src\main\AndroidManifest.xml:11:9-35
38        android:appComponentFactory="androidx.core.app.CoreComponentFactory"
38-->[androidx.core:core:1.13.1] AndroidManifest.xml:28:18-86
39        android:dataExtractionRules="@xml/data_extraction_rules"
39-->src\main\AndroidManifest.xml:12:9-65
40        android:debuggable="true"
41        android:extractNativeLibs="false"
42        android:fullBackupContent="@xml/backup_rules"
42-->src\main\AndroidManifest.xml:13:9-54
43        android:icon="@mipmap/ic_launcher"
43-->src\main\AndroidManifest.xml:14:9-43
44        android:label="@string/app_name"
44-->src\main\AndroidManifest.xml:15:9-41
45        android:networkSecurityConfig="@xml/network_security_config"
45-->src\main\AndroidManifest.xml:16:9-69
46        android:roundIcon="@mipmap/ic_launcher_round"
46-->src\main\AndroidManifest.xml:17:9-54
47        android:supportsRtl="true"
47-->src\main\AndroidManifest.xml:18:9-35
48        android:testOnly="true"
49        android:theme="@style/Theme.Auxilium" >
49-->src\main\AndroidManifest.xml:19:9-46
50        <activity
50-->src\main\AndroidManifest.xml:21:9-23:40
51            android:name="com.capstoneproject.auxilium.helper.CameraActivity"
51-->src\main\AndroidManifest.xml:22:13-50
52            android:exported="false" />
52-->src\main\AndroidManifest.xml:23:13-37
53        <activity
53-->src\main\AndroidManifest.xml:24:9-26:40
54            android:name="com.capstoneproject.auxilium.view.question.detailresult.DetailResultActivity"
54-->src\main\AndroidManifest.xml:25:13-76
55            android:exported="false" />
55-->src\main\AndroidManifest.xml:26:13-37
56
57        <provider
58            android:name="androidx.startup.InitializationProvider"
58-->src\main\AndroidManifest.xml:29:13-67
59            android:authorities="com.capstoneproject.auxilium.androidx-startup"
59-->src\main\AndroidManifest.xml:30:13-68
60            android:exported="false" >
60-->src\main\AndroidManifest.xml:31:13-37
61            <meta-data
61-->src\main\AndroidManifest.xml:33:13-35:52
62                android:name="app.rive.runtime.kotlin.RiveInitializer"
62-->src\main\AndroidManifest.xml:34:17-71
63                android:value="androidx.startup" />
63-->src\main\AndroidManifest.xml:35:17-49
64            <meta-data
64-->[androidx.emoji2:emoji2:1.3.0] AndroidManifest.xml:29:13-31:52
65                android:name="androidx.emoji2.text.EmojiCompatInitializer"
65-->[androidx.emoji2:emoji2:1.3.0] AndroidManifest.xml:30:17-75
66                android:value="androidx.startup" />
66-->[androidx.emoji2:emoji2:1.3.0] AndroidManifest.xml:31:17-49
67            <meta-data
67-->[androidx.work:work-runtime:2.9.0] AndroidManifest.xml:34:13-36:52
68                android:name="androidx.work.WorkManagerInitializer"
68-->[androidx.work:work-runtime:2.9.0] AndroidManifest.xml:35:17-68
69                android:value="androidx.startup" />
69-->[androidx.work:work-runtime:2.9.0] AndroidManifest.xml:36:17-49
70            <meta-data
70-->[androidx.lifecycle:lifecycle-process:2.8.2] AndroidManifest.xml:29:13-31:52
71                android:name="androidx.lifecycle.ProcessLifecycleInitializer"
71-->[androidx.lifecycle:lifecycle-process:2.8.2] AndroidManifest.xml:30:17-78
72                android:value="androidx.startup" />
72-->[androidx.lifecycle:lifecycle-process:2.8.2] AndroidManifest.xml:31:17-49
73            <meta-data
73-->[androidx.profileinstaller:profileinstaller:1.3.1] AndroidManifest.xml:29:13-31:52
74                android:name="androidx.profileinstaller.ProfileInstallerInitializer"
74-->[androidx.profileinstaller:profileinstaller:1.3.1] AndroidManifest.xml:30:17-85
75                android:value="androidx.startup" />
75-->[androidx.profileinstaller:profileinstaller:1.3.1] AndroidManifest.xml:31:17-49
76        </provider>
77
78        <activity
78-->src\main\AndroidManifest.xml:38:9-40:40
79            android:name="com.capstoneproject.auxilium.ui.forum.DetailForumActivity"
79-->src\main\AndroidManifest.xml:39:13-57
80            android:exported="false" />
80-->src\main\AndroidManifest.xml:40:13-37
81        <activity
81-->src\main\AndroidManifest.xml:41:9-43:40
82            android:name="com.capstoneproject.auxilium.history.HistoryActivity"
82-->src\main\AndroidManifest.xml:42:13-52
83            android:exported="false" />
83-->src\main\AndroidManifest.xml:43:13-37
84        <activity
84-->src\main\AndroidManifest.xml:44:9-46:40
85            android:name="com.capstoneproject.auxilium.view.profile.ResetPasswordActivity"
85-->src\main\AndroidManifest.xml:45:13-63
86            android:exported="false" />
86-->src\main\AndroidManifest.xml:46:13-37
87        <activity
87-->src\main\AndroidManifest.xml:47:9-49:40
88            android:name="com.capstoneproject.auxilium.view.additional.AboutUsActivity"
88-->src\main\AndroidManifest.xml:48:13-60
89            android:exported="false" />
89-->src\main\AndroidManifest.xml:49:13-37
90        <activity
90-->src\main\AndroidManifest.xml:50:9-52:40
91            android:name="com.capstoneproject.auxilium.view.question.InferenceLoadingActivity"
91-->src\main\AndroidManifest.xml:51:13-67
92            android:exported="false" />
92-->src\main\AndroidManifest.xml:52:13-37
93        <activity
93-->src\main\AndroidManifest.xml:53:9-55:40
94            android:name="com.capstoneproject.auxilium.view.question.ResultActivity"
94-->src\main\AndroidManifest.xml:54:13-57
95            android:exported="false" />
95-->src\main\AndroidManifest.xml:55:13-37
96        <activity
96-->src\main\AndroidManifest.xml:56:9-58:40
97            android:name="com.capstoneproject.auxilium.view.question.QuestionnaireActivity"
97-->src\main\AndroidManifest.xml:57:13-64
98            android:exported="false" />
98-->src\main\AndroidManifest.xml:58:13-37
99        <activity
99-->src\main\AndroidManifest.xml:59:9-61:40
100            android:name="com.capstoneproject.auxilium.view.profile.ProfileActivity"
100-->src\main\AndroidManifest.xml:60:13-57
101            android:exported="false" />
101-->src\main\AndroidManifest.xml:61:13-37
102        <activity
102-->src\main\AndroidManifest.xml:62:9-64:39
103            android:name="com.capstoneproject.auxilium.view.newarrivals.NewArrivalsActivity"
103-->src\main\AndroidManifest.xml:63:13-65
104            android:exported="true" />
104-->src\main\AndroidManifest.xml:64:13-36
105        <activity
105-->src\main\AndroidManifest.xml:65:9-67:39
106            android:name="com.capstoneproject.auxilium.view.newarrivals.DetailNewArrivalsActivity"
106-->src\main\AndroidManifest.xml:66:13-71
107            android:exported="true" />
107-->src\main\AndroidManifest.xml:67:13-36
108        <activity
108-->src\main\AndroidManifest.xml:68:9-76:20
109            android:name="com.capstoneproject.auxilium.view.additional.SplashScreenActivity"
109-->src\main\AndroidManifest.xml:69:13-65
110            android:exported="true" >
110-->src\main\AndroidManifest.xml:70:13-36
111            <intent-filter>
111-->src\main\AndroidManifest.xml:71:13-75:29
112                <action android:name="android.intent.action.MAIN" />
112-->src\main\AndroidManifest.xml:72:17-69
112-->src\main\AndroidManifest.xml:72:25-66
113
114                <category android:name="android.intent.category.LAUNCHER" />
114-->src\main\AndroidManifest.xml:74:17-77
114-->src\main\AndroidManifest.xml:74:27-74
115            </intent-filter>
116        </activity>
117        <activity
117-->src\main\AndroidManifest.xml:77:9-79:39
118            android:name="com.capstoneproject.auxilium.view.additional.OnBoardingActivity"
118-->src\main\AndroidManifest.xml:78:13-63
119            android:exported="true" />
119-->src\main\AndroidManifest.xml:79:13-36
120        <activity
120-->src\main\AndroidManifest.xml:80:9-82:39
121            android:name="com.capstoneproject.auxilium.login.LoginActivity"
121-->src\main\AndroidManifest.xml:81:13-48
122            android:exported="true" />
122-->src\main\AndroidManifest.xml:82:13-36
123        <activity
123-->src\main\AndroidManifest.xml:83:9-85:39
124            android:name="com.capstoneproject.auxilium.login.RegisterActivity"
124-->src\main\AndroidManifest.xml:84:13-51
125            android:exported="true" />
125-->src\main\AndroidManifest.xml:85:13-36
126        <activity
126-->src\main\AndroidManifest.xml:86:9-88:39
127            android:name="com.capstoneproject.auxilium.view.MainActivity"
127-->src\main\AndroidManifest.xml:87:13-46
128            android:exported="true" />
128-->src\main\AndroidManifest.xml:88:13-36
129        <activity
129-->src\main\AndroidManifest.xml:89:9-91:39
130            android:name="com.capstoneproject.auxilium.ui.wishlist.DetailWishlistActivity"
130-->src\main\AndroidManifest.xml:90:13-63
131            android:exported="true" />
131-->src\main\AndroidManifest.xml:91:13-36
132
133        <provider
134            android:name="androidx.core.content.FileProvider"
134-->src\main\AndroidManifest.xml:94:13-62
135            android:authorities="com.capstoneproject.auxilium.fileprovider"
135-->src\main\AndroidManifest.xml:95:13-64
136            android:exported="false"
136-->src\main\AndroidManifest.xml:96:13-37
137            android:grantUriPermissions="true" >
137-->src\main\AndroidManifest.xml:97:13-47
138            <meta-data
138-->src\main\AndroidManifest.xml:98:13-100:54
139                android:name="android.support.FILE_PROVIDER_PATHS"
139-->src\main\AndroidManifest.xml:99:17-67
140                android:resource="@xml/file_paths" />
140-->src\main\AndroidManifest.xml:100:17-51
141        </provider> <!-- Trigger Google Play services to install the backported photo picker module. -->
142        <!-- suppress AndroidDomInspection -->
143        <service
143-->src\main\AndroidManifest.xml:103:9-115:19
144            android:name="com.google.android.gms.metadata.ModuleDependencies"
144-->src\main\AndroidManifest.xml:104:13-78
145            android:enabled="false"
145-->src\main\AndroidManifest.xml:105:13-36
146            android:exported="false" >
146-->src\main\AndroidManifest.xml:106:13-37
147            <intent-filter>
147-->src\main\AndroidManifest.xml:108:13-110:29
148                <action android:name="com.google.android.gms.metadata.MODULE_DEPENDENCIES" />
148-->src\main\AndroidManifest.xml:109:17-94
148-->src\main\AndroidManifest.xml:109:25-91
149            </intent-filter>
150
151            <meta-data
151-->src\main\AndroidManifest.xml:112:13-114:36
152                android:name="photopicker_activity:0:required"
152-->src\main\AndroidManifest.xml:113:17-63
153                android:value="" />
153-->src\main\AndroidManifest.xml:114:17-33
154        </service>
155        <service
155-->[androidx.work:work-runtime:2.9.0] AndroidManifest.xml:39:9-45:35
156            android:name="androidx.work.impl.background.systemalarm.SystemAlarmService"
156-->[androidx.work:work-runtime:2.9.0] AndroidManifest.xml:40:13-88
157            android:directBootAware="false"
157-->[androidx.work:work-runtime:2.9.0] AndroidManifest.xml:41:13-44
158            android:enabled="@bool/enable_system_alarm_service_default"
158-->[androidx.work:work-runtime:2.9.0] AndroidManifest.xml:42:13-72
159            android:exported="false" />
159-->[androidx.work:work-runtime:2.9.0] AndroidManifest.xml:43:13-37
160        <service
160-->[androidx.work:work-runtime:2.9.0] AndroidManifest.xml:46:9-52:35
161            android:name="androidx.work.impl.background.systemjob.SystemJobService"
161-->[androidx.work:work-runtime:2.9.0] AndroidManifest.xml:47:13-84
162            android:directBootAware="false"
162-->[androidx.work:work-runtime:2.9.0] AndroidManifest.xml:48:13-44
163            android:enabled="@bool/enable_system_job_service_default"
163-->[androidx.work:work-runtime:2.9.0] AndroidManifest.xml:49:13-70
164            android:exported="true"
164-->[androidx.work:work-runtime:2.9.0] AndroidManifest.xml:50:13-36
165            android:permission="android.permission.BIND_JOB_SERVICE" />
165-->[androidx.work:work-runtime:2.9.0] AndroidManifest.xml:51:13-69
166        <service
166-->[androidx.work:work-runtime:2.9.0] AndroidManifest.xml:53:9-59:35
167            android:name="androidx.work.impl.foreground.SystemForegroundService"
167-->[androidx.work:work-runtime:2.9.0] AndroidManifest.xml:54:13-81
168            android:directBootAware="false"
168-->[androidx.work:work-runtime:2.9.0] AndroidManifest.xml:55:13-44
169            android:enabled="@bool/enable_system_foreground_service_default"
169-->[androidx.work:work-runtime:2.9.0] AndroidManifest.xml:56:13-77
170            android:exported="false" />
170-->[androidx.work:work-runtime:2.9.0] AndroidManifest.xml:57:13-37
171
172        <receiver
172-->[androidx.work:work-runtime:2.9.0] AndroidManifest.xml:61:9-66:35
173            android:name="androidx.work.impl.utils.ForceStopRunnable$BroadcastReceiver"
173-->[androidx.work:work-runtime:2.9.0] AndroidManifest.xml:62:13-88
174            android:directBootAware="false"
174-->[androidx.work:work-runtime:2.9.0] AndroidManifest.xml:63:13-44
175            android:enabled="true"
175-->[androidx.work:work-runtime:2.9.0] AndroidManifest.xml:64:13-35
176            android:exported="false" />
176-->[androidx.work:work-runtime:2.9.0] AndroidManifest.xml:65:13-37
177        <receiver
177-->[androidx.work:work-runtime:2.9.0] AndroidManifest.xml:67:9-77:20
178            android:name="androidx.work.impl.background.systemalarm.ConstraintProxy$BatteryChargingProxy"
178-->[androidx.work:work-runtime:2.9.0] AndroidManifest.xml:68:13-106
179            android:directBootAware="false"
179-->[androidx.work:work-runtime:2.9.0] AndroidManifest.xml:69:13-44
180            android:enabled="false"
180-->[androidx.work:work-runtime:2.9.0] AndroidManifest.xml:70:13-36
181            android:exported="false" >
181-->[androidx.work:work-runtime:2.9.0] AndroidManifest.xml:71:13-37
182            <intent-filter>
182-->[androidx.work:work-runtime:2.9.0] AndroidManifest.xml:73:13-76:29
183                <action android:name="android.intent.action.ACTION_POWER_CONNECTED" />
183-->[androidx.work:work-runtime:2.9.0] AndroidManifest.xml:74:17-87
183-->[androidx.work:work-runtime:2.9.0] AndroidManifest.xml:74:25-84
184                <action android:name="android.intent.action.ACTION_POWER_DISCONNECTED" />
184-->[androidx.work:work-runtime:2.9.0] AndroidManifest.xml:75:17-90
184-->[androidx.work:work-runtime:2.9.0] AndroidManifest.xml:75:25-87
185            </intent-filter>
186        </receiver>
187        <receiver
187-->[androidx.work:work-runtime:2.9.0] AndroidManifest.xml:78:9-88:20
188            android:name="androidx.work.impl.background.systemalarm.ConstraintProxy$BatteryNotLowProxy"
188-->[androidx.work:work-runtime:2.9.0] AndroidManifest.xml:79:13-104
189            android:directBootAware="false"
189-->[androidx.work:work-runtime:2.9.0] AndroidManifest.xml:80:13-44
190            android:enabled="false"
190-->[androidx.work:work-runtime:2.9.0] AndroidManifest.xml:81:13-36
191            android:exported="false" >
191-->[androidx.work:work-runtime:2.9.0] AndroidManifest.xml:82:13-37
192            <intent-filter>
192-->[androidx.work:work-runtime:2.9.0] AndroidManifest.xml:84:13-87:29
193                <action android:name="android.intent.action.BATTERY_OKAY" />
193-->[androidx.work:work-runtime:2.9.0] AndroidManifest.xml:85:17-77
193-->[androidx.work:work-runtime:2.9.0] AndroidManifest.xml:85:25-74
194                <action android:name="android.intent.action.BATTERY_LOW" />
194-->[androidx.work:work-runtime:2.9.0] AndroidManifest.xml:86:17-76
194-->[androidx.work:work-runtime:2.9.0] AndroidManifest.xml:86:25-73
195            </intent-filter>
196        </receiver>
197        <receiver
197-->[androidx.work:work-runtime:2.9.0] AndroidManifest.xml:89:9-99:20
198            android:name="androidx.work.impl.background.systemalarm.ConstraintProxy$StorageNotLowProxy"
198-->[androidx.work:work-runtime:2.9.0] AndroidManifest.xml:90:13-104
199            android:directBootAware="false"
199-->[androidx.work:work-runtime:2.9.0] AndroidManifest.xml:91:13-44
200            android:enabled="false"
200-->[androidx.work:work-runtime:2.9.0] AndroidManifest.xml:92:13-36
201            android:exported="false" >
201-->[androidx.work:work-runtime:2.9.0] AndroidManifest.xml:93:13-37
202            <intent-filter>
202-->[androidx.work:work-runtime:2.9.0] AndroidManifest.xml:95:13-98:29
203                <action android:name="android.intent.action.DEVICE_STORAGE_LOW" />
203-->[androidx.work:work-runtime:2.9.0] AndroidManifest.xml:96:17-83
203-->[androidx.work:work-runtime:2.9.0] AndroidManifest.xml:96:25-80
204                <action android:name="android.intent.action.DEVICE_STORAGE_OK" />
204-->[androidx.work:work-runtime:2.9.0] AndroidManifest.xml:97:17-82
204-->[androidx.work:work-runtime:2.9.0] AndroidManifest.xml:97:25-79
205            </intent-filter>
206        </receiver>
207        <receiver
207-->[androidx.work:work-runtime:2.9.0] AndroidManifest.xml:100:9-109:20
208            android:name="androidx.work.impl.background.systemalarm.ConstraintProxy$NetworkStateProxy"
208-->[androidx.work:work-runtime:2.9.0] AndroidManifest.xml:101:13-103
209            android:directBootAware="false"
209-->[androidx.work:work-runtime:2.9.0] AndroidManifest.xml:102:13-44
210            android:enabled="false"
210-->[androidx.work:work-runtime:2.9.0] AndroidManifest.xml:103:13-36
211            android:exported="false" >
211-->[androidx.work:work-runtime:2.9.0] AndroidManifest.xml:104:13-37
212            <intent-filter>
212-->[androidx.work:work-runtime:2.9.0] AndroidManifest.xml:106:13-108:29
213                <action android:name="android.net.conn.CONNECTIVITY_CHANGE" />
213-->[androidx.work:work-runtime:2.9.0] AndroidManifest.xml:107:17-79
213-->[androidx.work:work-runtime:2.9.0] AndroidManifest.xml:107:25-76
214            </intent-filter>
215        </receiver>
216        <receiver
216-->[androidx.work:work-runtime:2.9.0] AndroidManifest.xml:110:9-121:20
217            android:name="androidx.work.impl.background.systemalarm.RescheduleReceiver"
217-->[androidx.work:work-runtime:2.9.0] AndroidManifest.xml:111:13-88
218            android:directBootAware="false"
218-->[androidx.work:work-runtime:2.9.0] AndroidManifest.xml:112:13-44
219            android:enabled="false"
219-->[androidx.work:work-runtime:2.9.0] AndroidManifest.xml:113:13-36
220            android:exported="false" >
220-->[androidx.work:work-runtime:2.9.0] AndroidManifest.xml:114:13-37
221            <intent-filter>
221-->[androidx.work:work-runtime:2.9.0] AndroidManifest.xml:116:13-120:29
222                <action android:name="android.intent.action.BOOT_COMPLETED" />
222-->[androidx.work:work-runtime:2.9.0] AndroidManifest.xml:117:17-79
222-->[androidx.work:work-runtime:2.9.0] AndroidManifest.xml:117:25-76
223                <action android:name="android.intent.action.TIME_SET" />
223-->[androidx.work:work-runtime:2.9.0] AndroidManifest.xml:118:17-73
223-->[androidx.work:work-runtime:2.9.0] AndroidManifest.xml:118:25-70
224                <action android:name="android.intent.action.TIMEZONE_CHANGED" />
224-->[androidx.work:work-runtime:2.9.0] AndroidManifest.xml:119:17-81
224-->[androidx.work:work-runtime:2.9.0] AndroidManifest.xml:119:25-78
225            </intent-filter>
226        </receiver>
227        <receiver
227-->[androidx.work:work-runtime:2.9.0] AndroidManifest.xml:122:9-131:20
228            android:name="androidx.work.impl.background.systemalarm.ConstraintProxyUpdateReceiver"
228-->[androidx.work:work-runtime:2.9.0] AndroidManifest.xml:123:13-99
229            android:directBootAware="false"
229-->[androidx.work:work-runtime:2.9.0] AndroidManifest.xml:124:13-44
230            android:enabled="@bool/enable_system_alarm_service_default"
230-->[androidx.work:work-runtime:2.9.0] AndroidManifest.xml:125:13-72
231            android:exported="false" >
231-->[androidx.work:work-runtime:2.9.0] AndroidManifest.xml:126:13-37
232            <intent-filter>
232-->[androidx.work:work-runtime:2.9.0] AndroidManifest.xml:128:13-130:29
233                <action android:name="androidx.work.impl.background.systemalarm.UpdateProxies" />
233-->[androidx.work:work-runtime:2.9.0] AndroidManifest.xml:129:17-98
233-->[androidx.work:work-runtime:2.9.0] AndroidManifest.xml:129:25-95
234            </intent-filter>
235        </receiver>
236        <receiver
236-->[androidx.work:work-runtime:2.9.0] AndroidManifest.xml:132:9-142:20
237            android:name="androidx.work.impl.diagnostics.DiagnosticsReceiver"
237-->[androidx.work:work-runtime:2.9.0] AndroidManifest.xml:133:13-78
238            android:directBootAware="false"
238-->[androidx.work:work-runtime:2.9.0] AndroidManifest.xml:134:13-44
239            android:enabled="true"
239-->[androidx.work:work-runtime:2.9.0] AndroidManifest.xml:135:13-35
240            android:exported="true"
240-->[androidx.work:work-runtime:2.9.0] AndroidManifest.xml:136:13-36
241            android:permission="android.permission.DUMP" >
241-->[androidx.work:work-runtime:2.9.0] AndroidManifest.xml:137:13-57
242            <intent-filter>
242-->[androidx.work:work-runtime:2.9.0] AndroidManifest.xml:139:13-141:29
243                <action android:name="androidx.work.diagnostics.REQUEST_DIAGNOSTICS" />
243-->[androidx.work:work-runtime:2.9.0] AndroidManifest.xml:140:17-88
243-->[androidx.work:work-runtime:2.9.0] AndroidManifest.xml:140:25-85
244            </intent-filter>
245        </receiver>
246
247        <service
247-->[androidx.room:room-runtime:2.6.1] AndroidManifest.xml:24:9-28:63
248            android:name="androidx.room.MultiInstanceInvalidationService"
248-->[androidx.room:room-runtime:2.6.1] AndroidManifest.xml:25:13-74
249            android:directBootAware="true"
249-->[androidx.room:room-runtime:2.6.1] AndroidManifest.xml:26:13-43
250            android:exported="false" /> <!-- Needs to be explicitly declared on P+ -->
250-->[androidx.room:room-runtime:2.6.1] AndroidManifest.xml:27:13-37
251        <uses-library
251-->[com.google.android.gms:play-services-maps:18.2.0] AndroidManifest.xml:39:9-41:40
252            android:name="org.apache.http.legacy"
252-->[com.google.android.gms:play-services-maps:18.2.0] AndroidManifest.xml:40:13-50
253            android:required="false" />
253-->[com.google.android.gms:play-services-maps:18.2.0] AndroidManifest.xml:41:13-37
254
255        <service
255-->[com.google.firebase:firebase-firestore-ktx:25.0.0] AndroidManifest.xml:9:9-15:19
256            android:name="com.google.firebase.components.ComponentDiscoveryService"
256-->[com.google.firebase:firebase-firestore-ktx:25.0.0] AndroidManifest.xml:10:13-84
257            android:directBootAware="true"
257-->[com.google.firebase:firebase-common:21.0.0] AndroidManifest.xml:32:13-43
258            android:exported="false" >
258-->[com.google.firebase:firebase-firestore-ktx:25.0.0] AndroidManifest.xml:11:13-37
259            <meta-data
259-->[com.google.firebase:firebase-firestore-ktx:25.0.0] AndroidManifest.xml:12:13-14:85
260                android:name="com.google.firebase.components:com.google.firebase.firestore.ktx.FirebaseFirestoreLegacyRegistrar"
260-->[com.google.firebase:firebase-firestore-ktx:25.0.0] AndroidManifest.xml:13:17-129
261                android:value="com.google.firebase.components.ComponentRegistrar" />
261-->[com.google.firebase:firebase-firestore-ktx:25.0.0] AndroidManifest.xml:14:17-82
262            <meta-data
262-->[com.google.firebase:firebase-firestore:25.0.0] AndroidManifest.xml:17:13-19:85
263                android:name="com.google.firebase.components:com.google.firebase.firestore.FirebaseFirestoreKtxRegistrar"
263-->[com.google.firebase:firebase-firestore:25.0.0] AndroidManifest.xml:18:17-122
264                android:value="com.google.firebase.components.ComponentRegistrar" />
264-->[com.google.firebase:firebase-firestore:25.0.0] AndroidManifest.xml:19:17-82
265            <meta-data
265-->[com.google.firebase:firebase-firestore:25.0.0] AndroidManifest.xml:20:13-22:85
266                android:name="com.google.firebase.components:com.google.firebase.firestore.FirestoreRegistrar"
266-->[com.google.firebase:firebase-firestore:25.0.0] AndroidManifest.xml:21:17-111
267                android:value="com.google.firebase.components.ComponentRegistrar" />
267-->[com.google.firebase:firebase-firestore:25.0.0] AndroidManifest.xml:22:17-82
268            <meta-data
268-->[com.google.firebase:firebase-common-ktx:21.0.0] AndroidManifest.xml:12:13-14:85
269                android:name="com.google.firebase.components:com.google.firebase.ktx.FirebaseCommonLegacyRegistrar"
269-->[com.google.firebase:firebase-common-ktx:21.0.0] AndroidManifest.xml:13:17-116
270                android:value="com.google.firebase.components.ComponentRegistrar" />
270-->[com.google.firebase:firebase-common-ktx:21.0.0] AndroidManifest.xml:14:17-82
271            <meta-data
271-->[com.google.firebase:firebase-common:21.0.0] AndroidManifest.xml:35:13-37:85
272                android:name="com.google.firebase.components:com.google.firebase.FirebaseCommonKtxRegistrar"
272-->[com.google.firebase:firebase-common:21.0.0] AndroidManifest.xml:36:17-109
273                android:value="com.google.firebase.components.ComponentRegistrar" />
273-->[com.google.firebase:firebase-common:21.0.0] AndroidManifest.xml:37:17-82
274        </service>
275
276        <activity
276-->[com.google.android.gms:play-services-base:18.5.0] AndroidManifest.xml:5:9-173
277            android:name="com.google.android.gms.common.api.GoogleApiActivity"
277-->[com.google.android.gms:play-services-base:18.5.0] AndroidManifest.xml:5:19-85
278            android:exported="false"
278-->[com.google.android.gms:play-services-base:18.5.0] AndroidManifest.xml:5:146-170
279            android:theme="@android:style/Theme.Translucent.NoTitleBar" />
279-->[com.google.android.gms:play-services-base:18.5.0] AndroidManifest.xml:5:86-145
280
281        <provider
281-->[com.google.firebase:firebase-common:21.0.0] AndroidManifest.xml:23:9-28:39
282            android:name="com.google.firebase.provider.FirebaseInitProvider"
282-->[com.google.firebase:firebase-common:21.0.0] AndroidManifest.xml:24:13-77
283            android:authorities="com.capstoneproject.auxilium.firebaseinitprovider"
283-->[com.google.firebase:firebase-common:21.0.0] AndroidManifest.xml:25:13-72
284            android:directBootAware="true"
284-->[com.google.firebase:firebase-common:21.0.0] AndroidManifest.xml:26:13-43
285            android:exported="false"
285-->[com.google.firebase:firebase-common:21.0.0] AndroidManifest.xml:27:13-37
286            android:initOrder="100" />
286-->[com.google.firebase:firebase-common:21.0.0] AndroidManifest.xml:28:13-36
287
288        <uses-library
288-->[androidx.window:window:1.0.0] AndroidManifest.xml:25:9-27:40